I 2648 kernel: rtc_cmos 00:02: alarms up to one month, y3k, 242 bytes nvram, hpet irqs
E 20 1123 rtkit-daemon[1255]: Supervising 3 threads of 1 processes of 2 users.
not to go out of town without removing their furniture to upholsterers’ warehouses for security; the highwayman in
E 43 1761 networkd-dispatcher[900]:     self.handle_state(iface_name,
I 2408 systemd[1]: Listening on Journal Socket (/dev/log).
W 2261 And yet I could not die.
E 24 1742 with the btrfs snapshotter: skip plugin" type=io.containerd.snapshotter.v1
W 2369 systemd[1]: Mounted NFSD configuration filesystem.
E 24 1631 systemd[1]: Started Session 1 of user sddm.
I 2542 kernel: usb 3-3: new full-speed USB device number 2 using xhci_hcd
W 5069 upside down for us; she invites our special friends—she scarcely knows Frieda, and we can’t leave her on
I 5024 had a sad moustache, but the back of his head was young.”
E 15 5003 both will be exalted, and human love will be seen at its height. Live in fragments no longer.
W 3044 That with music loud and long,
W 1722 containerd[992]: time="2022-10-02T10:11:02.829803127+02:00" level=info msg="loading plugin \"io.containerd.service.v1.leases-service\"..." type=io.containerd.service.v1
I 2504 I heard them coming fast:
I 2489 A man all light, a seraph-man,
E 35 2235 kernel: input: HDA Intel PCH Rear Mic as /devices/pci0000:00/0000:00:1b.0/sound/card2/input15
E 6 2556 The boat spun round and round;
W 1205 @ 59.9966 )
E 44 79 “No, I didn’t,” said Alice: “I don’t think it’s at all a pity. I said ‘What for?’”
E 5 1666 ModemManager[996]: <info>  [base-manager] couldn't check support for device '/sys/devices/pci0000:00/0000:00:1c.2/0000:03:00.0': not supported by any plugin
W 2127 The death-fires danced at night;
I 2206 systemd[1]: Condition check resulted in Rebuild Hardware Database being skipped.
W 58 he spoke, “we were trying—”
W 1754 networkd-dispatcher[900]:     self.handle_state(iface_name,
W 2316 The wan stars danced between.
W 1920 NetworkManager[889]: <info>  [1664698262.2804] NetworkManager (version 1.22.10) is starting... (for the first time)
W 2119 kernel: audit: type=1400 audit(1664698262.004:3): apparmor="STATUS" operation="profile_load" profile="unconfined" name="man_filter" pid=829 comm="apparmor_parser"
I 1211 org.kde.KScreen[2009]:          Connection: 0
W 2529 kernel: Disabling lock debugging due to kernel taint
I 2126 About, about, in reel and rout
W 2135 Was withered at the root;
W 5059 at Howards End; in practice there will be. Things may be done for which no money can compensate.
rolled with exceeding smoothness down hill, making paper money and spending it. Under the guidance of her Christian
W 2139 Had I from old and young!
E 19 2545 Under the water it rumbled on,
E 19 1975 systemd[1]: Condition check resulted in Automatically repair incorrect owner/permissions on core devices being skipped.
I 1704 containerd[992]: time="2022-10-02T10:11:02.831433652+02:00" level=info msg="loading plugin \"io.containerd.grpc.v1.snapshots\"..." type=io.containerd.grpc.v1
gaols fought battles with their turnkeys, and the majesty of the law fired blunderbusses in among them, loaded
E 5 1944 systemd[1]: Finished Save/Restore Sound Card State.
I 1815 NetworkManager[889]: <info>  [1664698262.4424] Loaded device plugin: NMAtmManager (/usr/lib/x86_64-linux-gnu/NetworkManager/1.22.10/libnm-device-plugin-adsl.so)
W 2218 They dropped down one by one.
I 2257 A spirit from on high;
W 2511 He'll shrieve my soul, he'll wash away
E 55 8015     ▒█████████▒▒▒▒▒▒▒▒▒▒▒▒▒▒▒▒▒▒▒▒▒▓████████▓
E 9 2717 kernel: thermal LNXTHERM:00: registered as thermal_zone0
E 34 5113 upper classes—thought we would help him from the height of our superior knowledge—and here’s the result!”
“Keep where you are,” the guard called to the voice in the mist, “because, if I should make
E 48 1862 systemd[1]: Created slice system-getty.slice.
E 43 1655 sddm-helper[1239]: [PAM] returning.
I 1871 thermald[916]: error: could not parse file /etc/thermald/thermal-conf.xml
W 2197 systemd[1]: Mounted Mount unit for port, revision 75.
E 46 2057 The ice was all between.
I 1990 systemd[1]: Reached target Login Prompts.
I 2250 Lay dead like a load on my weary eye,
I 3053 And drunk the milk of Paradise.
E 30 2105 audit[837]: AVC apparmor="STATUS" operation="profile_load" profile="unconfined" name="/usr/lib/connman/scripts/dhclient-script" pid=837 comm="apparmor_parser"
Valancy had taken some of her two hundred dollars out of the bank and spent it in pretty
E 14 2655 kernel: usb usb4: SerialNumber: 0000:00:14.0
W 1393 sddm[1061]: Reading from "/usr/share/xsessions/plasma.desktop"
W 2380 kernel: RPC: Registered tcp NFSv4.1 backchannel transport module.
E 32 1698 containerd[992]: time="2022-10-02T10:11:02.831518649+02:00" level=error msg="failed to initialize a tracing processor \"otlp\"" error="no OpenTelemetry endpoint: skip plugin"
I 1473 NetworkManager[889]: <info>  [1664698267.9364] device (br-17f607787fe3): state change: prepare -> config (reason 'none', sys-iface-state: 'external')
I 1145 org.kde.KScreen[2009]:          CRTC: 442
I 1232 New: 480
hill. Whenever the leader made this rattle, the passenger started, as a nervous passenger might, and was disturbed
E 17 5033 don’t we?”
W 2166 systemd[1]: Starting File System Check on /dev/disk/by-uuid/22F0-AC55...
I 2567 'Ha! ha!' quoth he, 'full plain I see,
E 39 2278 mtp-probe[484]: checking bus 3, device 3: "/sys/devices/pci0000:00/0000:00:14.0/usb3/3-9"
E 24 2449 kernel: usb 3-14: new high-speed USB device number 6 using xhci_hcd
I 2440 kernel: input: SONiX USB DEVICE as /devices/pci0000:00/0000:00:14.0/usb3/3-3/3-3:1.0/0003:0C45:652F.0001/input/input2
E 43 1821 accounts-daemon[880]: started daemon version 0.6.55
W 2460 Yet she sailed softly too:
W 1600 avahi-daemon[885]: Joining mDNS multicast group on interface enp3s0.IPv6 with address fe80::b8cb:67ad:90b5:58e5.
E 22 1948 sensors[930]: temp2:        +29.8°C  (crit = +105.0°C)
I 126 “Who are you talking to?” said the King, going up to Alice, and looking at the Cat’s head
E 25 5008 But she failed. For there was one quality in Henry for which she was never prepared, however much
I 2450 kernel: usb 3-13: Manufacturer: Blue Microphones
I 3023 It flung up momently the sacred river.
I 4020 We have but faith: we cannot know;
W 1279 dbus-daemon[1703]: [session uid=1000 pid=1703] Successfully activated service 'org.kde.KScreen'
I 2571 The Hermit stepped forth from the boat,
W 2237 And a thousand thousand slimy things
E 88 8006      ███████████████████████████████████████
I 2709 kernel: tun: Universal TUN/TAP device driver, 1.6
E 14 2200 kernel: intel_rapl_common: Found RAPL domain package
E 38 2121 Nor any drop to drink.
W 1116 systemd[1684]: Reached target Main User Target.
E 23 2373 systemd[1]: Condition check resulted in Platform Persistent Storage Archival being skipped.
stuck a gay little Union Jack on top of it.
E 21 2294 She sent the gentle sleep from Heaven,
E 1 2604 kernel: ima: Allocated hash algorithm: sha1
E 25 1837 dnsmasq[1000]: failed to create listening socket for port 53: Address already in use
I 1938 rsyslogd[907]: rsyslogd's userid changed to 104
E 24 1292 ntfs-3g[2002]: Mount options: nodev,nosuid,uhelper=udisks2,allow_other,nonempty,relatime,rw,default_permissions,fsname=/dev/sdc4,blkdev,blksize=4096
I 1980 nvidia-persistenced[906]: Verbose syslog connection opened
I 1518 systemd[1]: Started Tool to automatically collect and submit kernel crash signatures.
W 5115 “I require no more advice.”
I 2259 kernel: asus_wmi: ASUS WMI generic driver loaded
I 1628 systemd[1243]: Started D-Bus User Message Bus.
I 2521 The rotted old oak-stump.
W 1709 containerd[992]: time="2022-10-02T10:11:02.830844197+02:00" level=info msg="loading plugin \"io.containerd.grpc.v1.healthcheck\"..." type=io.containerd.grpc.v1
E 2 1693 kernel: resource sanity check: requesting [mem 0x000c0000-0x000fffff], which spans more than PCI Bus 0000:00 [mem 0x000d0000-0x000d3fff window]
E 20 39 “My name is Alice, so please your Majesty,” said Alice very politely; but she added, to herself, “Why,
I 1800 NetworkManager[889]: <info>  [1664698262.4596] device (lo): carrier: link connected
W 1607 NetworkManager[889]: <info>  [1664698265.3535] device (enp3s0): Activation: starting connection 'Wired connection 1' (e8d98bab-3e18-34c9-81dc-7ca2204ad010)
I 2652 kernel: i8042: PNP: No PS/2 controller found.
W 2293 kernel: nvidia-uvm: Loaded the UVM driver, major device number 236.
I 2423 'The air is cut away before,
W 2328 Beneath the lightning and the Moon
W 2193 systemd[1]: Condition check resulted in Set Up Additional Binary Formats being skipped.
W 1367 systemd[1684]: Listening on GnuPG cryptographic agent and passphrase cache (restricted).
W 1435 containerd[992]: time="2022-10-02T10:11:08.091696666+02:00" level=info msg="loading plugin \"io.containerd.event.v1.publisher\"..." runtime=io.containerd.runc.v2 type=io.containerd.event.v1
E 45 1765 networkd-dispatcher[1088]: WARNING: systemd-networkd is not running, output will be incomplete.
E 77 8009    ███████████████████████████████████████████▓
W 5058 “If he sublets, I shan’t have the same control. In theory there should be no more damage done
to walk on a little ahead into the mist and darkness, he would have put himself in a
I 1891 thermald[916]: Polling mode is enabled: 4
of some tillers of the heavy lands adjacent to Paris, there were sheltered from the weather that very
E 46 2066 kernel: audit: type=1400 audit(1664698262.068:33): apparmor="STATUS" operation="profile_load" profile="unconfined" name="snap-update-ns.chromium" pid=859 comm="apparmor_parser"
I 2447 kernel: usb 3-14: New USB device strings: Mfr=0, Product=2, SerialNumber=1
I 5097 “You seem to think—” He looked at his watch. “Let me explain the point to you. It is
W 2219 systemd[1]: Started Show Plymouth Boot Screen.
E 46 5105 battle of life.”
E 32 2495 This seraph-band, each waved his hand,
I 2551 Like one that hath been seven days drowned
W 2010 'Hold off! unhand me, grey-beard loon!'
I 5054 “Dempster! Why goodness me, yes.”
W 2623 A sadder and a wiser man,
E 45 2579 kernel: ACPI Warning: SystemIO range 0x0000000000001828-0x000000000000182F conflicts with OpRegion 0x0000000000001800-0x000000000000187F (\PMIO) (20190816/utaddress-204)
E 6 5160 “But going away without taking the Weymouth trip, or even the Lulworth?” said Mrs. Munt, coming nearer. “Without
W 1561 rtkit-daemon[1255]: Supervising 4 threads of 1 processes of 1 users.
E 6 2220 systemd[1]: plymouth-start.service: Succeeded.
I 2398 systemd[1]: Starting Journal Service...
I 1574                  
E 38 1912 systemd[1]: Started Make remote CUPS printers available locally.
I 1283 dbus-daemon[1703]: [session uid=1000 pid=1703] Activating via systemd: service name='org.freedesktop.portal.Desktop' unit='xdg-desktop-portal.service' requested by ':1.41' (uid=1000 pid=1988 comm="/usr/bin/pulseeffects --gapplication-service "
W 2610 To thee, thou Wedding-Guest!
I 1282 systemd[1684]: Starting Portal service...
W 2419 See, brother, see! how graciously
I 1620 dbus-daemon[888]: [system] Successfully activated service 'org.freedesktop.RealtimeKit1'
E 48 2290 systemd[1]: Condition check resulted in Set Up Additional Binary Formats being skipped.
W 4058    `Behold the man that loved and lost,
E 30 1331 sddm[1061]: Greeter stopped.
E 7 2428 kernel: input: E-Signal USB Gaming Mouse as /devices/pci0000:00/0000:00:14.0/usb3/3-9/3-9:1.1/0003:3299:4E53.0004/input/input11
E 7 1380 sddm-helper[1665]: pam_unix(sddm:session): session opened for user justinian by (uid=0)
E 36 1190 org.kde.KScreen[2009]: kscreen.xcb.helper:         Output:  446
I 1472 NetworkManager[889]: <info>  [1664698267.9366] device (br-17f607787fe3): state change: config -> ip-config (reason 'none', sys-iface-state: 'external')
W 1775 kernel: input: HDA NVidia HDMI/DP,pcm=9 as /devices/pci0000:00/0000:00:1c.4/0000:06:00.1/sound/card3/input22
W 1204 org.kde.KScreen[2009]:          Mode: 447 KScreen::Mode(Id: "447" , Size: QSize(3840, 2160)
yours is beautifully shaped. And when you look backward over your shoulder you're maddening—especially in twilight or moonlight.
W 2190 Her locks were yellow as gold:
I 1929 systemd[1]: grub-initrd-fallback.service: Succeeded.
I 2461 kernel: clocksource: Switched to clocksource tsc
W 2028 systemd[1]: Condition check resulted in Timer to automatically fetch and run repair assertions being skipped.
E 26 2438 Had never passed away:
I 3016 And from this chasm, with ceaseless turmoil seething,
“What do you say, Tom?”
E 42 1855 systemd[1]: Started CUPS Scheduler.
W 1031 PackageKit[1951]: daemon quit
I 2484 Those crimson shadows were:
W 4049    And find in loss a gain to match?
I 2486 Oh, Christ! what saw I there!
"When death comes, I shall have lived," thought Valancy. "I shall have had my hour."
E 35 2154 systemd[1]: Starting Set console font and keymap...
E 20 155 round it: there was a dispute going on between the executioner, the King, and the Queen, who were
W 1461 NetworkManager[889]: <info>  [1664698267.9584] device (docker0): Activation: starting connection 'docker0' (60b9306f-447c-41ba-857f-30b80d4e66ac)
W 1230 org.kde.KScreen[2009]: kscreen.xrandr:         Change Screen Size: false
E 21 2180 Alas! (thought I, and my heart beat loud)
W 2424 systemd[1]: Inserted module 'autofs4'
I 2537 'Dear Lord! it hath a fiendish look—
I 2506 kernel: ata2: SATA link up 3.0 Gbps (SStatus 123 SControl 300)
I 2565 Laughed loud and long, and all the while
E 8 1664 sddm[1061]: Running display setup script  "/usr/share/sddm/scripts/Xsetup"
I 2512 kernel: sd 0:0:0:0: [sda] Write Protect is off
W 5081 in England, it seems.”
I 1843 exportfs[1010]:   NOTE: this default has changed since nfs-utils version 1.0.x
W 2134 systemd[1]: Starting RPC bind portmap service...
I 2054 And through the drifts the snowy clifts
E 86 8010    ███████████████████████████████████████████▒
I 2116 As idle as a painted ship
Then the Blue Castle was glorious with them, every receptacle that Valancy could contrive filled with the exquisite
I 2245 A wicked whisper came, and made
I 2475 kernel: sd 1:0:0:0: [sdb] Attached SCSI disk
E 35 1504 dockerd[1340]: time="2022-10-02T10:11:07.637375643+02:00" level=info msg="ccResolverWrapper: sending update to cc: {[{unix:///run/containerd/containerd.sock  <nil> 0 <nil>}] <nil> <nil>}" module=grpc
I 1517 whoopsie[1342]: [10:11:07] Using lock path: /var/lock/whoopsie/lock
I 171 an arrow.
I 2274 And when they reared, the elfish light
W 1483 systemd-udevd[452]: Using default interface naming scheme 'v245'.
E 24 1069 systemd[1]: systemd-fsckd.service: Succeeded.
E 32 2352 And from their bodies passed.
it rained in right good earnest and they had to stay in. Then Barney shut himself up in
I 1743 containerd[992]: time="2022-10-02T10:11:02.823199333+02:00" level=info msg="loading plugin \"io.containerd.snapshotter.v1.btrfs\"..." type=io.containerd.snapshotter.v1
W 1148 org.kde.KScreen[2009]: kscreen.xrandr: XRandROutput 480 update
W 1360 systemd[1684]: Reached target Sockets.
E 4 1093 systemd[1243]: gpg-agent-extra.socket: Succeeded.
W 2097 audit[841]: AVC apparmor="STATUS" operation="profile_load" profile="unconfined" name="/usr/sbin/haveged" pid=841 comm="apparmor_parser"
W 2182 Are those her sails that glance in the Sun,
I 4024 Let knowledge grow from more to more,
I 2113 kernel: audit: type=1400 audit(1664698262.008:6): apparmor="STATUS" operation="profile_load" profile="unconfined" name="/usr/sbin/tcpdump" pid=832 comm="apparmor_parser"
I 3029 Ancestral voices prophesying war!
W 2473 And on the bay the moonlight lay,
W 2574 kernel: ACPI: If an ACPI driver is available for this device, you should use it instead of the
W 1880 systemd[1]: Starting Samba Winbind Daemon...
I 2358 I heard the sky-lark sing;
combed down by the winds and wet with morning dew late into the afternoons. Here they found berries
mail was waylaid by seven robbers, and the guard shot three dead, and then got shot dead himself
such a nice, sweet, throaty, summery voice. Such a nice voice for love-making."
W 2283 systemd[1]: Condition check resulted in Dispatch Password Requests to Console Directory Watch being skipped.
E 43 3020 Huge fragments vaulted like rebounding hail,
I 1697 containerd[992]: time="2022-10-02T10:11:02.831678345+02:00" level=info msg=serving... address=/run/containerd/containerd.sock.ttrpc
W 1515 whoopsie[1342]: [10:11:07] Not a paid data plan: /org/freedesktop/NetworkManager/ActiveConnection/1
E 21 2390 systemd[1]: Starting Remount Root and Kernel File Systems...
W 1545 NetworkManager[889]: <info>  [1664698267.3625] dhcp4 (enp3s0): option requested_interface_mtu => '1'
E 19 1729 containerd[992]: time="2022-10-02T10:11:02.829689507+02:00" level=info msg="loading plugin \"io.containerd.event.v1.exchange\"..." type=io.containerd.event.v1
E 37 1662 sddm[1061]: Socket server starting...
E 63 8027     ▒▒▒▒▒▒▒▒▒▒▒▓▒▒▒▒▒▒▒▒▓▓▒▒▒▒▒▒▒▓
E 33 2531 Unless perchance it were
W 2295 That slid into my soul.
I 2188 systemd[1]: Started Show Plymouth Boot Screen.
I 2015 systemd[1]: Listening on Socket activation for snappy daemon.
W 2315 systemd-modules-load[361]: Inserted module 'msr'
mounting nimbly to his place. “Gentlemen! In the king’s name, all of you!”
E 28 2569 kernel: ACPI Warning: SystemIO range 0x0000000000001C00-0x0000000000001C2F conflicts with OpRegion 0x0000000000001C00-0x0000000000001C3F (\GPRL) (20190816/utaddress-204)
the lowest stable non-descript, it was the likeliest thing upon the cards. So the guard of the Dover
E 30 37 “Idiot!” said the Queen, tossing her head impatiently; and, turning to Alice, she went on, “What’s your name,
E 39 2429 kernel: input: E-Signal USB Gaming Mouse Consumer Control as /devices/pci0000:00/0000:00:14.0/usb3/3-9/3-9:1.1/0003:3299:4E53.0004/input/input10
W 2025 Out of the sea came he!
W 5108 “Oh come, come!” he protested pleasantly, “you’re not to blame. No one’s to blame.”
I 91 it would twist itself round and look up in her face, with such a puzzled expression that she
I 4082    From out waste places comes a cry,
W 2540 kernel: usb 1-1: new high-speed USB device number 2 using ehci-pci
E 36 1246 dbus-daemon[1703]: [session uid=1000 pid=1703] Activating via systemd: service name='org.bluez.obex' unit='dbus-org.bluez.obex.service' requested by ':1.12' (uid=1000 pid=1786 comm="kded5 " label="unconfined")
I 1736 containerd[992]: time="2022-10-02T10:11:02.826701459+02:00" level=info msg="loading plugin \"io.containerd.snapshotter.v1.zfs\"..." type=io.containerd.snapshotter.v1
E 28 2335 systemd[1]: Mounting Mount unit for gnome-3-28-1804, revision 145...
I 2149 systemd[1]: Starting Create Volatile Files and Directories...
W 2031 systemd[1]: Started Daily rotation of log files.
W 15 Five and Seven said nothing, but looked at Two. Two began in a low voice, “Why the fact
E 45 2045 audit[873]: AVC apparmor="STATUS" operation="profile_load" profile="unconfined" name="snap.insomnia.insomnia" pid=873 comm="apparmor_parser"
I 2638 kernel: platform eisa.0: Cannot allocate resource for EISA slot 5
W 2464 The light-house top I see?
W 2606 kernel: integrity: Loaded X.509 cert 'Canonical Ltd. Master Certificate Authority: ad91990bc22ab1f517048c23b6655a268e345a63'
W 1651 systemd-logind[915]: New session 1 of user sddm.
E 1 1747 containerd[992]: time="2022-10-02T10:11:02.790782670+02:00" level=info msg="starting containerd" revision=212e8b6fa2f44b9c21b2798135fc6fb7c53efc16 version=1.6.4
The sound of a horse at a gallop came fast and furiously up the hill.
Our booked passenger showed in a moment that it was his name. The guard, the coachman, and the
W 2285 Sure my kind saint took pity on me,
E 28 1530 NetworkManager[889]: <info>  [1664698267.3667] manager: NetworkManager state is now CONNECTED_SITE
E 4 2541 The boat came closer to the ship,
E 23 2613 He prayeth best, who loveth best
I 1387 sddm-helper[1665]: gkr-pam: unable to locate daemon control file
W 1864 systemd[1]: Starting Hostname Service...
I 1308 dbus-daemon[1703]: [session uid=1000 pid=1703] Successfully activated service 'org.gtk.vfs.Daemon'
W 2337 systemd[1]: Mounting Mount unit for core20, revision 1623...
I 1596 rtkit-daemon[1255]: Supervising 1 threads of 1 processes of 1 users.
W 2297 systemd[1]: Finished Apply Kernel Variables.
E 4 2344 systemd[1]: Mounting Mount unit for chromium, revision 2082...
E 2 1817 NetworkManager[889]: <info>  [1664698262.4389] Loaded device plugin: NMBluezManager (/usr/lib/x86_64-linux-gnu/NetworkManager/1.22.10/libnm-device-plugin-bluetooth.so)
W 5055 “More right than the Porphyrion?”
I 68 The soldiers were silent, and looked at Alice, as the question was evidently meant for her.
I 2564 kernel: i801_smbus 0000:00:1f.3: SMBus using PCI interrupt
I 2019 systemd[1]: Listening on D-Bus System Message Bus Socket.
W 3040    Singing of Mount Abora.
I 2422 systemd[1]: systemd 245.4-4ubuntu3.17 running in system mode. (+PAM +AUDIT +SELINUX +IMA +APPARMOR +SMACK +SYSVINIT +UTMP +LIBCRYPTSETUP +GCRYPT +GNUTLS
I 2064 As if it had been a Christian soul,
I 2068 audit[859]: AVC apparmor="STATUS" operation="profile_load" profile="unconfined" name="snap-update-ns.chromium" pid=859 comm="apparmor_parser"
E 43 2615 kernel: blacklist: Loading compiled-in revocation X.509 certificates
fair way of getting shot instantly as a highwayman.
E 19 2690 kernel: ehci-pci 0000:00:1d.0: new USB bus registered, assigned bus number 2
W 2407 Quoth he, 'The man hath penance done,
I 2204 My life-blood seemed to sip!
E 15 2248 kernel: RAPL PMU: hw unit of domain package 2^-14 Joules
E 25 2622 kernel: IPI shorthand broadcast: enabled
W 1020 CRON[5037]: pam_unix(cron:session): session closed for user root
W 2415 systemd[1]: Reached target User and Group Name Lookups.
E 32 2402 systemd[1]: Mounting NFSD configuration filesystem...
I 2345 Be calm, thou Wedding-Guest!
W 1196 org.kde.KScreen[2009]:          Connection: 0
W 2338 systemd[1]: Mounting Mount unit for core20, revision 1611...
E 31 1710 containerd[992]: time="2022-10-02T10:11:02.830834860+02:00" level=info msg="loading plugin \"io.containerd.grpc.v1.events\"..." type=io.containerd.grpc.v1
clothes. She had a little smoke-blue chiffon which she always put on when they spent the evening at
E 95 8034     ▒▒▒▒▒▒▒▒▒▒▒▒▒▒▒▒▒▒▒▒▒▒▒▒▒▒▒▒▒▒▓▒
I 1035 systemd[1]: systemd-timedated.service: Succeeded.
W 1122 systemd[1]: Starting Online ext4 Metadata Check for All Filesystems...
I 2567 native driver
E 2 2548 The ship went down like lead.
I 2137 We had been choked with soot.
W 2436 kernel: input: SONiX USB DEVICE Consumer Control as /devices/pci0000:00/0000:00:14.0/usb3/3-3/3-3:1.1/0003:0C45:652F.0002/input/input5
E 37 1076 systemd[1]: Stopped User Manager for UID 121.
I 1883 NetworkManager[889]: <info>  [1664698262.3061] monitoring ifupdown state file '/run/network/ifstate'.
E 5 1056 CRON[2866]: pam_unix(cron:session): session opened for user root by (uid=0)
W 2163 Gramercy! they for joy did grin,
W 2340 The body of my brother's son
I 2490 kernel: sd 1:0:0:0: [sdb] Mode Sense: 00 3a 00 00
I 1272 dbus-daemon[1703]: [session uid=1000 pid=1703] Successfully activated service 'org.freedesktop.portal.Documents'
E 1 2322 systemd[1]: Mounting Mount unit for port, revision 75...
E 40 1420 NetworkManager[889]: <info>  [1664698268.3440] device (vethcea84cd): carrier: link connected
E 49 1913 systemd[1]: Started Avahi mDNS/DNS-SD Stack.
W 1301 systemd[1]: Starting PackageKit Daemon...
E 36 2224 systemd[1]: Condition check resulted in Rebuild Hardware Database being skipped.
Bluebeard's Chamber and Valancy read, or dreamed on the wolfskins with Good Luck purring beside her and Banjo
I 2426 Or we shall be belated:
I 1177 org.kde.KScreen[2009]: kscreen.xcb.helper: RRScreenChangeNotify
I 1553 systemd[1]: ondemand.service: Succeeded.
E 32 1753 networkd-dispatcher[900]:   File "/usr/bin/networkd-dispatcher", line 348, in handle_state
it, and the three other horses followed suit. Once more, the Dover mail struggled on, with the jack-boots
W 1299 PackageKit[1951]: daemon start
I 1731 containerd[992]: time="2022-10-02T10:11:02.827004553+02:00" level=info msg="metadata content store policy set" policy=shared
I 1900 systemd[1]: Starting dnsmasq - A lightweight DHCP and caching DNS server...
E 38 2082 systemd[1]: Reached target System Time Set.
W 2566 His eyes went to and fro.
E 46 2501 My head was turned perforce away
E 48 2005 anacron[883]: Jobs will be executed sequentially
W 1333 sddm-helper[1239]: [PAM] Ended.
W 2418 For she guides him smooth or grim.
E 18 1453 used to set a preferred IP address"
W 1388 sddm-helper[1665]: [PAM] Conversation with 1 messages
E 35 1135 org.kde.KScreen[2009]:          Connection: 0
E 12 2585 I pass, like night, from land to land;
I 2348 But a troop of spirits blest:
She had forgotten all the old humiliating things that used to come up against her in the night—the
soliloquy. “Hallo you!”
I 5006 Nor was the message difficult to give. It need not take the form of a good “talking.” By
I 23 their hands and feet at the corners: next the ten courtiers; these were ornamented all over with diamonds,
I 5110 “I wouldn’t say that, but you’re taking it far too seriously. Who is this fellow?”
W 1008 CRON[5719]: (root) CMD (command -v debian-sa1 > /dev/null && debian-sa1 1 1)
W 2147 A something in the sky.
W 2157 systemd[1]: Mounted /boot/efi.
E 46 2296 systemd[1]: Mounted Mount unit for chromium, revision 2105.
W 2094 audit[844]: AVC apparmor="STATUS" operation="profile_load" profile="unconfined" name="libreoffice-xpdfimport" pid=844 comm="apparmor_parser"
W 1184 org.kde.KScreen[2009]: kscreen.xcb.helper: RRNotify_OutputChange
I 2003 avahi-daemon[885]: Found user 'avahi' (UID 115) and group 'avahi' (GID 123).
W 2508 kernel: ata4.00: disabling queued TRIM support
W 2014 systemd[1]: Listening on Docker Socket for the API.
I 1705 containerd[992]: time="2022-10-02T10:11:02.830885365+02:00" level=info msg="loading plugin \"io.containerd.internal.v1.opt\"..." type=io.containerd.internal.v1
W 1699 containerd[992]: time="2022-10-02T10:11:02.831504257+02:00" level=info msg="loading plugin \"io.containerd.internal.v1.tracing\"..." type=io.containerd.internal.v1
I 2310 But with its sound it shook the sails,
I 4077    O Priestess in the vaults of Death,
I 1801 acpid[881]: waiting for events: event logging is off
W 34 When the procession came opposite to Alice, they all stopped and looked at her, and the Queen said
E 4 1047 systemd[1]: Started Time & Date Service.
E 31 1770 sddm[1061]: Loading theme configuration from ""
I 2357 Sometimes a-dropping from the sky
I 2502 And I saw a boat appear.
I 2635 kernel: platform eisa.0: Cannot allocate resource for EISA slot 8
E 24 2277 systemd[1]: Mounted Mount unit for core, revision 13741.
E 28 2479 And the bay was white with silent light,
E 48 2666 kernel: usb usb3: New USB device found, idVendor=1d6b, idProduct=0002, bcdDevice= 5.04
I 4034    For merit lives from man to man,
E 40 2215 systemd-udevd[424]: video4linux: Process '/usr/lib/snapd/snap-device-helper add snap_signal-desktop_signal-desktop /class/video4linux 0:0' failed with exit code 1.
E 31 1813 NetworkManager[889]: <info>  [1664698262.4488] Loaded device plugin: NMWwanFactory (/usr/lib/x86_64-linux-gnu/NetworkManager/1.22.10/libnm-device-plugin-wwan.so)
E 29 1730 containerd[992]: time="2022-10-02T10:11:02.829665040+02:00" level=info msg="loading plugin \"io.containerd.differ.v1.walking\"..." type=io.containerd.differ.v1
W 1799 NetworkManager[889]: <info>  [1664698262.4598] manager: (lo): new Generic device (/org/freedesktop/NetworkManager/Devices/1)
preserves of loaves and fishes, that things in general were settled for ever.
I 1127 org.kde.KScreen[2009]:          Connection: 0
W 1023 CRON[5037]: pam_unix(cron:session): session opened for user root by (uid=0)
W 2354 Then darted to the Sun;
W 3002 Where Alph, the sacred river, ran
W 2246 kernel: snd_hda_codec_realtek hdaudioC2D0: autoconfig for ALC887-VD: line_outs=1 (0x14/0x0/0x0/0x0/0x0) type:line
W 1578    (Parent is QGuiApplication(0x7ffeb4597170), parent's thread is QThread(0x5621842c1a00), current thread is QThread(0x56218469cc20)
I 2662 kernel: usb usb3: SerialNumber: 0000:00:14.0
E 28 1659 sddm[1061]: Greeter starting...
E 6 1663 sddm[1061]: Display server started.
E 34 85 the game began. Alice thought she had never seen such a curious croquet-ground in her life; it was
I 2119 And all the boards did shrink;
E 34 3034 It was a miracle of rare device,
W 3049 His flashing eyes, his floating hair!
Once or twice night overtook them, too far from their Blue Castle to get back. But Barney made
E 41 1760 networkd-dispatcher[900]:   File "/usr/bin/networkd-dispatcher", line 348, in handle_state
E 37 1261 org.kde.KScreen[2009]: kscreen.xcb.helper: Event Error:  147
E 22 1300 systemd[1]: NetworkManager-dispatcher.service: Succeeded.
W 2150 It moved and moved, and took at last
E 45 2509 kernel: ata4.00: supports DRM functions and may not be fully accessible
“I know this messenger, guard,” said Mr. Lorry, getting down into the road—assisted from behind more swiftly than
E 41 5098 like this. You seem to assume, when a business concern is conducting a delicate negotiation, it ought to
E 46 5134 “Owing to God, I suppose,” flashed Helen.
I 1914 systemd[1]: Started WPA supplicant.
I 2110 audit[836]: AVC apparmor="STATUS" operation="profile_load" profile="unconfined" name="/usr/lib/cups/backend/cups-pdf" pid=836 comm="apparmor_parser"
E 4 2210 Within the nether tip.
W 1001 CRON[6291]: pam_unix(cron:session): session closed for user root
E 20 1857 systemd[1]: cups.service: Succeeded.
I 5048 clear out. He writes this morning that he’s taken our advice, and now you say it’s not a
I 2620 Turned from the bridegroom's door.
E 46 2238 Lived on; and so did I.
E 42 1091 systemd[1243]: gpg-agent-ssh.socket: Succeeded.
straight.”
and the guard got down to skid the wheel for the descent, and open the coach-door to let
W 1973 systemd[1]: Starting Snap Daemon...
E 45 1415 dockerd[1340]: time="2022-10-02T10:11:08.381455446+02:00" level=info msg="Loading containers: done."
W 2096 apparmor.systemd[843]: Skipping profile in /etc/apparmor.d/disable: usr.sbin.rsyslogd
I 1112 rtkit-daemon[1255]: Supervising 5 threads of 1 processes of 2 users.
W 1322 systemd[1684]: Started Accessibility services bus.
I 2551 kernel: scsi host3: ahci
I 11 Seven flung down his brush, and had just begun “Well, of all the unjust things—” when his eye
E 43 2089 Came to the mariner's hollo!
E 31 2360 How they seemed to fill the sea and air
I 1895 avahi-daemon[885]: Registering new address record for ::1 on lo.*.
E 2 2013 The Wedding-Guest stood still,
I 1911 systemd[1]: Started Thermal Daemon Service.
close company with it. If any one of the three had had the hardihood to propose to another
E 2 2120 kernel: audit: type=1400 audit(1664698262.004:2): apparmor="STATUS" operation="profile_load" profile="unconfined" name="/usr/bin/man" pid=829 comm="apparmor_parser"
W 2608 And youths and maidens gay!
France and Norway, there were growing trees, when that sufferer was put to death, already marked by the
things. If not water lilies then cardinal flowers, fresh and vivid from the swamps of Mistawis, where they
W 172 The Cat’s head began fading away the moment he was gone, and, by the time he had come
E 39 1818 rsyslogd[907]: [origin software="rsyslogd" swVersion="8.2001.0" x-pid="907" x-info="https://www.rsyslog.com"] rsyslogd was HUPed
E 23 1737 containerd[992]: time="2022-10-02T10:11:02.824220307+02:00" level=info msg="loading plugin \"io.containerd.snapshotter.v1.overlayfs\"..." type=io.containerd.snapshotter.v1
W 2275 mtp-probe[479]: bus: 3, device: 5 was not an MTP device
in peace; that magnificent potentate, the Lord Mayor of London, was made to stand and deliver on Turnham
E 98 8026     ▒▒▒▒▒▒▒▒▒▒▓▒▒▒▒▒▒▒▒▓▒▒▒▒▓▒▒▒▒▒▒
W 2384 But in a minute she 'gan stir,
I 1845 systemd[1]: Starting NFS server and services...
W 1263 org.kde.KScreen[2009]: kscreen.xcb.helper: Detected XRandR 1.6
I 5019 settled. “Here we all are!” she cried, and took him by one hand, retaining her sister’s in the
W 2439 kernel: hid-generic 0003:0C45:652F.0001: input,hidraw0: USB HID v1.11 Keyboard [SONiX USB DEVICE] on usb-0000:00:14.0-3/input0
in favour of the argument, that some brute animals are endued with Reason; and the team had capitulated
I 75 spoke, and then raised himself upon tiptoe, put his mouth close to her ear, and whispered “She’s under
W 2505 kernel: ata2.00: HPA detected: current 1250261615, native 1250263728
“Never you mind what it is!” the guard retorted. “What are you?”
I 4076 O Sorrow, cruel fellowship,
I 3036    A damsel with a dulcimer
I 1541 NetworkManager[889]: <info>  [1664698267.3625] dhcp4 (enp3s0): option requested_ntp_servers => '1'
W 2381 And the ship stood still also.
I 1955 sensors[930]: Core 0:        +42.0°C  (high = +80.0°C, crit = +100.0°C)
I 98 The players all played at once without waiting for turns, quarrelling all the while, and fighting for the
E 17 2272 mtp-probe[486]: checking bus 3, device 2: "/sys/devices/pci0000:00/0000:00:14.0/usb3/3-3"
I 3005 So twice five miles of fertile ground
traitorous.
E 3 2453 kernel: usb 3-13: New USB device found, idVendor=b58e, idProduct=9e84, bcdDevice= 1.00
I 2065 kernel: audit: type=1400 audit(1664698262.068:34): apparmor="STATUS" operation="profile_load" profile="unconfined" name="snap-update-ns.core" pid=860 comm="apparmor_parser"
W 1701 containerd[992]: time="2022-10-02T10:11:02.831477180+02:00" level=info msg="loading plugin \"io.containerd.tracing.processor.v1.otlp\"..." type=io.containerd.tracing.processor.v1
E 4 2008 systemd[1]: Started ACPI event daemon.
I 3013 A savage place! as holy and enchanted
E 34 2142 systemd[1]: Condition check resulted in RPC security service for NFS server being skipped.
E 29 2600 O sweeter than the marriage-feast,
W 2118 kernel: audit: type=1400 audit(1664698262.004:4): apparmor="STATUS" operation="profile_load" profile="unconfined" name="man_groff" pid=829 comm="apparmor_parser"
I 173 back with the Duchess, it had entirely disappeared; so the King and the executioner ran wildly up and
W 5050 “A clerk who clears out of any concern, good or bad, without securing a berth somewhere else first,
E 43 1497 systemd[1]: var-lib-docker-overlay2-check\x2doverlayfs\x2dsupport152985924-merged.mount: Succeeded.
W 2633 kernel: intel_pstate: Intel P-state driver initializing
E 14 1564 systemd[1]: Started Daemon for power management.
E 34 2719 kernel: input: Power Button as /devices/LNXSYSTM:00/LNXPWRBN:00/input/input1
E 1 5132 be rich and poor. You can’t deny it” (and now it was a respectful voice)—“and you can’t deny
W 1203 org.kde.KScreen[2009]:          Rotation: 1
E 31 141 Alice thought she might as well go back, and see how the game was going on, as she
I 2091 And it would work 'em woe:
I 2385 With a short uneasy motion—
W 1470 NetworkManager[889]: <info>  [1664698267.9390] device (br-17f607787fe3): state change: ip-config -> ip-check (reason 'none', sys-iface-state: 'external')
W 5143 don’t like those men. They are scientific themselves, and talk of the survival of the fittest, and cut
E 40 1962 systemd[1]: Started NVIDIA Persistence Daemon.
I 1098 systemd[1243]: Closed D-Bus User Message Bus Socket.
E 34 2411 What makes that ship drive on so fast?
E 1 1745 containerd[992]: time="2022-10-02T10:11:02.811533918+02:00" level=info msg="loading plugin \"io.containerd.snapshotter.v1.aufs\"..." type=io.containerd.snapshotter.v1
I 2272 I watched the water-snakes:
E 47 1894 avahi-daemon[885]: Registering new address record for 127.0.0.1 on lo.IPv4.
W 2507 I saw a third—I heard his voice:
W 36 reply.
E 42 1961 avahi-daemon[885]: Successfully dropped root privileges.
I 1343 pulseaudio[1693]: Failed to load module "module-alsa-card" (argument: "device_id="1" name="usb-AKAI_MPK_Mini_Mk_II_0001-01" card_name="alsa_card.usb-AKAI_MPK_Mini_Mk_II_0001-01" namereg_fail=false tsched=yes fixed_latency_range=no ignore_dB=no deferred_volume=yes use_ucm=yes avoid_resampling=no card_properties="module-udev-detect.discovered=1""):
W 1092 systemd[1243]: Closed GnuPG cryptographic agent and passphrase cache (restricted).
W 1048 dbus-daemon[888]: [system] Successfully activated service 'org.freedesktop.timedate1'
I 2240 kernel: snd_hda_codec_realtek hdaudioC2D0:      Front Mic=0x19
I 1524 systemd[1]: Reached target Network is Online.
I 1442 kernel: device vethcea84cd entered promiscuous mode
E 32 1005 CRON[6005]: (root) CMD (command -v debian-sa1 > /dev/null && debian-sa1 1 1)
I 1610 kernel: IPv6: ADDRCONF(NETDEV_CHANGE): enp3s0: link becomes ready
W 2476 That stands above the rock:
E 31 1657 sddm-helper[1239]: [PAM] Starting...
E 20 65 “Are their heads off?” shouted the Queen.
E 1 5079 “What a rum notion! Of course not!”
“Halloa!” the guard replied.
it was the age of foolishness, it was the epoch of belief, it was the epoch of incredulity,
I 137 at the moment, “My dear! I wish you would have this cat removed!”
I 5137 It was no good instructing the girl if she was going to talk about God in that neurotic
I 2205 systemd[1]: Condition check resulted in Platform Persistent Storage Archival being skipped.
I 1007 CRON[5718]: pam_unix(cron:session): session closed for user root
I 2093 That made the breeze to blow.
W 1110 rtkit-daemon[1255]: Successfully made thread 2106 of process 1693 owned by '1000' RT at priority 5.
I 1617 rtkit-daemon[1255]: Successfully dropped privileges.
W 1466 avahi-daemon[885]: Joining mDNS multicast group on interface docker0.IPv4 with address 172.17.0.1.
E 33 1768 sddm[1061]: Running: /usr/bin/X -nolisten tcp -auth /var/run/sddm/{c505b2c8-7af5-4bf7-95c6-977417e6b75b} -background none -noreset -displayfd 17 -seat seat0 vt1
I 1362 systemd[1684]: Listening on REST API socket for snapd user session agent.
E 28 1594 initialization failed.
of the Cock-lane brood.
E 49 1363 systemd[1684]: Listening on Sound System.
W 1947 systemd[1]: Finished Restore /etc/resolv.conf if the system crashed before the ppp link was shut down.
E 28 2162 Agape they heard me call:
E 10 163 The King’s argument was, that anything that had a head could be beheaded, and that you weren’t to
I 2554 kernel: AES CTR mode by8 optimization enabled
I 1000 dbus-daemon[888]: [system] Activating via systemd: service name='org.freedesktop.nm_dispatcher' unit='dbus-org.freedesktop.nm-dispatcher.service' requested by ':1.10' (uid=0 pid=889 comm="/usr/sbin/NetworkManager --no-daemon " label="unconfined")
E 14 2410 Thy soft response renewing—
I 1285 udisksd[918]: Mounted /dev/sdc4 at /media/justinian/E668FFB668FF8419 on behalf of uid 1000
W 3045 I would build that dome in air,
you. You aren't exactly pretty, but you have some adorable beauty-spots. Your eyes. And that little kissable dent
W 1552 systemd[1]: dmesg.service: Succeeded.
day, rude carts, bespattered with rustic mire, snuffed about by pigs, and roosted in by poultry, which the
I 2213 Each turned his face with a ghastly pang,
W 2375 systemd[1]: Started pNFS block layout mapping daemon.
W 1582 sddm-greeter[1251]: Loading theme configuration from "/usr/share/sddm/themes/ubuntu-theme/theme.conf"
I 2384 systemd[1]: Finished Create list of static device nodes for the current kernel.
W 1036 PackageKit[1951]: get-updates transaction /3238_adaebbba from uid 1000 finished with success after 600ms
I 2502 kernel: usb 1-1: New USB device found, idVendor=8087, idProduct=8008, bcdDevice= 0.05
Sometimes they went trouting on little nameless rivers or hidden brooks on whose banks Naiads might have sunned
W 1970 systemd[1]: Starting Login Service...
I 1051 cracklib[2942]: no dictionary update necessary.
E 20 2223 'I fear thee, ancient Mariner!
E 18 59 “I see!” said the Queen, who had meanwhile been examining the roses. “Off with their heads!” and the
W 2043 systemd[1]: Finished Load AppArmor profiles managed internally by snapd.
W 1335 sddm-helper[1239]: [PAM] Closing session
E 12 4064 The seasons bring the flower again,
I 1451 NetworkManager[889]: <info>  [1664698268.0243] manager: (vethd0c7f7c): new Veth device (/org/freedesktop/NetworkManager/Devices/5)
I 2220 They fled to bliss or woe!
W 1534 NetworkManager[889]: <info>  [1664698267.3634] device (enp3s0): state change: ip-config -> ip-check (reason 'none', sys-iface-state: 'managed')
a fragrant bed of bracken and fir boughs and they slept on it dreamlessly, under a ceiling of
W 1468 NetworkManager[889]: <info>  [1664698267.9425] device (br-17f607787fe3): state change: secondaries -> activated (reason 'none', sys-iface-state: 'external')
W 2219 The souls did from their bodies fly,—
E 29 1028 CRON[4741]: (root) CMD (command -v debian-sa1 > /dev/null && debian-sa1 1 1)
E 19 1192 org.kde.KScreen[2009]: kscreen.xrandr: XRandR::setConfig done!
E 48 2408 And penance more will do.'
E 4 2336 systemd[1]: Mounting Mount unit for exercism, revision 5...
E 9 1933 dbus-daemon[888]: dbus[888]: Unknown group "power" in message bus configuration file
W 1484 NetworkManager[889]: <info>  [1664698267.9070] manager: (br-17f607787fe3): new Bridge device (/org/freedesktop/NetworkManager/Devices/3)
I 2611 kernel: Key type .fscrypt registered
E 70 8018       ▒▓██████▒▒▒███▓▓▓▓▓▓▓▓▓▓██▒▒▒██████▓
E 37 2501 kernel: usb 1-1: New USB device strings: Mfr=0, Product=0, SerialNumber=0
E 7 2128 systemd[1]: Started RPC bind portmap service.
I 1842 udisksd[918]: failed to load module mdraid: libbd_mdraid.so.2: cannot open shared object file: No such file or directory
E 49 2082 The Sun now rose upon the right:
E 43 1695 systemd[1]: Started containerd container runtime.
E 25 2446 kernel: usb 3-14: Product: HD Pro Webcam C920
E 12 2557 kernel: cryptd: max_cpu_qlen set to 1000
W 1752 networkd-dispatcher[900]:     raise UnknownState(operational_state)
E 10 2171 The day was well nigh done!
W 2366 systemd[1]: Finished Create System Users.
find it.
W 2496 No voice did they impart—
E 39 1514 whoopsie[1342]: [10:11:07] Found usable connection: /org/freedesktop/NetworkManager/ActiveConnection/1
E 16 2397 systemd[1]: Condition check resulted in Kernel Module supporting RPCSEC_GSS being skipped.
W 1672 acpid[881]: client connected from 1086[0:0]
W 5038 the agreement. Morning, Schlegel. Don’t you think that’s better than subletting?”
I 2021 systemd[1]: Listening on Avahi mDNS/DNS-SD Stack Activation Socket.
I 1637 systemd[1243]: Listening on REST API socket for snapd user session agent.
W 2480 kernel: ata4.00: Enabling discard_zeroes_data
W 2561 The holy Hermit raised his eyes,
I 3048 And all should cry, Beware! Beware!
E 36 2484 kernel: sd 3:0:0:0: [sdc] Mode Sense: 00 3a 00 00
E 13 2359 Sometimes all little birds that are,
E 45 1650 systemd[1]: Finished User Runtime Directory /run/user/121.
I 1854 systemd[1]: Received SIGRTMIN+21 from PID 266 (plymouthd).
I 2194 systemd[1]: Starting Show Plymouth Boot Screen...
I 2477 kernel: sd 3:0:0:0: [sdc] supports TCG Opal
E 43 1966 systemd[1]: Starting Disk Manager...
E 1 2507 kernel: ata4.00: configured for UDMA/133
E 1 2299 And when I awoke, it rained.
W 1392 sddm[1061]: Session "plasma.desktop" selected, command: "/usr/bin/startplasma-x11"
W 2516 He loves to talk with marineres
W 1708 containerd[992]: time="2022-10-02T10:11:02.830853293+02:00" level=info msg="loading plugin \"io.containerd.grpc.v1.images\"..." type=io.containerd.grpc.v1
E 27 2594 kernel: evm: security.capability
I 1059 dbus-daemon[888]: [system] Activating via systemd: service name='org.bluez' unit='dbus-org.bluez.service' requested by ':1.78' (uid=1000 pid=2197 comm="/opt/brave.com/brave/brave --enable-crashpad " label="unconfined")
W 2558 kernel: scsi host0: ahci
W 2620 kernel: registered taskstats version 1
W 2488 kernel: scsi 3:0:0:0: Attached scsi generic sg2 type 0
E 31 1718 containerd[992]: time="2022-10-02T10:11:02.829882064+02:00" level=info msg="loading plugin \"io.containerd.runtime.v2.task\"..." type=io.containerd.runtime.v2
I 2308 systemd[1]: Starting Apply Kernel Variables...
I 2539 I am a-feared'—'Push on, push on!'
I 1506 dockerd[1340]: time="2022-10-02T10:11:07.636849009+02:00" level=info msg="parsed scheme: \"unix\"" module=grpc
W 2229 systemd[1]: Mounted Mount unit for core20, revision 1611.
E 41 4073    Sick for thy stubborn hardihood,
I 1643 systemd[1243]: Listening on GnuPG cryptographic agent and passphrase cache (access for web browsers).
W 2038 And thus spake on that ancient man,
W 1046 "gtk-common-themes", "heroku", "insomnia", "port", "signal-desktop", "snapd"
W 1456 NetworkManager[889]: <info>  [1664698267.9621] device (docker0): state change: ip-check -> secondaries (reason 'none', sys-iface-state: 'external')
E 14 2517 kernel: ata1.00: configured for UDMA/133
E 28 1439 kernel: br-17f607787fe3: port 1(vethcea84cd) entered disabled state
W 2062 At length did cross an Albatross,
I 2454 In ripple or in shade.
W 1334 sddm-helper[1239]: pam_unix(sddm-greeter:session): session closed for user sddm
backward likewise and flooded with rose-colour her whole previous drab existence. She found it hard to believe that
I 1259 ntfs-3g[2058]: Mounted /dev/sda1 (Read-Write, label "", NTFS 3.1)
"I understand now what it means to be born again," she told Barney.
E 20 55 “Leave off that!” screamed the Queen. “You make me giddy.” And then, turning to the rose-tree, she went
I 2601 'Tis sweeter far to me,
E 47 2607 Old men, and babes, and loving friends
I 1998 systemd[1]: Started Regular background program processing daemon.
I 2233 kernel: input: HDA Intel PCH Line Out as /devices/pci0000:00/0000:00:1b.0/sound/card2/input17
E 4 2063 Thorough the fog it came;
E 37 1206 org.kde.KScreen[2009]:          Pos: QPoint(3840,0)
I 1165 org.kde.KScreen[2009]: kscreen.xcb.helper:         Connection:  "Connected"
E 1 2587 That moment that his face I see,
W 4031 Help thy vain worlds to bear thy light.
E 49 3019 Amid whose swift half-intermitted burst
W 2303 systemd[1]: Started Show Plymouth Boot Screen.
I 5007 quiet indications the bridge would be built and span their lives with beauty.
W 5142 “But he must be one of those men who have reconciled science with religion,” said Helen slowly. “I
I 2457 It mingled strangely with my fears,
E 13 3021 Or chaffy grain beneath the thresher’s flail:
the rain and she never caught cold.
W 5082 But he left her to intercept Mrs. Munt, whose voice could be heard in the distance; to be
I 4046    That men may rise on stepping-stones
certain sunlit dell on the banks of Mistawis along which white birches grew on one side and on
meals. Valancy had such an appetite it was no wonder she put flesh on her bones.
E 18 2613 kernel: zswap: loaded using pool lzo/zbud
behind him, and about to follow. He remained on the step, half in the coach and half out
“I want a passenger, if it is.”
W 1678 dbus-daemon[888]: [system] Activating via systemd: service name='org.freedesktop.timedate1' unit='dbus-org.freedesktop.timedate1.service' requested by ':1.23' (uid=0 pid=910 comm="/usr/lib/snapd/snapd " label="unconfined")
W 1086 systemd[1243]: Closed debconf communication socket.
E 4 1923 systemd[1]: Finished Detect the available GPUs and deal with any system changes.
“My blood!” ejaculated the vexed coachman, “and not atop of Shooter’s yet! Tst! Yah! Get on with you!”
W 1050 dbus-daemon[888]: [system] Activating via systemd: service name='org.freedesktop.timedate1' unit='dbus-org.freedesktop.timedate1.service' requested by ':1.23' (uid=0 pid=910 comm="/usr/lib/snapd/snapd " label="unconfined")
I 2326 The loud wind never reached the ship,
I 1726 containerd[992]: time="2022-10-02T10:11:02.829759862+02:00" level=info msg="loading plugin \"io.containerd.service.v1.containers-service\"..." type=io.containerd.service.v1
I 1687 systemd[1]: man-db.service: Succeeded.
I 2624 He rose the morrow morn.
E 29 2308 And soon I heard a roaring wind:
one another and the guard, they all suspected everybody else, and the coachman was sure of nothing but
W 4047 Of their dead selves to higher things.
W 2309 systemd[1]: Mounting Kernel Configuration File System...
E 27 2077 audit[858]: AVC apparmor="STATUS" operation="profile_load" profile="unconfined" name="/snap/snapd/17029/usr/lib/snapd/snap-confine//mount-namespace-capture-helper" pid=858 comm="apparmor_parser"
E 45 2064 audit[862]: AVC apparmor="STATUS" operation="profile_load" profile="unconfined" name="snap-update-ns.heroku" pid=862 comm="apparmor_parser"
the throne of France. In both countries it was clearer than crystal to the lords of the State
I 1723 containerd[992]: time="2022-10-02T10:11:02.829793304+02:00" level=info msg="loading plugin \"io.containerd.service.v1.images-service\"..." type=io.containerd.service.v1
W 4010 He thinks he was not made to die;
I 2259 Is the curse in a dead man's eye!
E 17 4030    But help thy foolish ones to bear;
I 70 “Come on, then!” roared the Queen, and Alice joined the procession, wondering very much what would happen next.
I 1811 NetworkManager[889]: <info>  [1664698262.4491] manager: rfkill: WWAN enabled by radio killswitch; enabled by state file
I 1345 pulseaudio[1693]: Failed to find a working profile.
E 1 1351 sddm-helper[1665]: gkr-pam: gnome-keyring-daemon started properly and unlocked keyring
E 7 2376 Under the keel nine fathom deep,
W 2599 Scarce seemèd there to be.
E 8 56 on, “What have you been doing here?”
I 2444 Of what had else been seen—
W 2325 A river steep and wide.
E 8 2052 audit[869]: AVC apparmor="STATUS" operation="profile_load" profile="unconfined" name="snap.core.hook.configure" pid=869 comm="apparmor_parser"
W 2260 systemd[1]: Mounted Mount unit for exercism, revision 5.
E 49 1108 systemd[1]: Stopping User Manager for UID 121...
I 1358 systemd[1]: Started User Manager for UID 1000.
E 27 1275 systemd[1684]: Starting sandboxed app permission store...
E 41 1003 CRON[6291]: pam_unix(cron:session): session opened for user root by (uid=0)
W 102 the Queen, but she knew that it might happen any minute, “and then,” thought she, “what would become
E 46 1025 systemd[1]: systemd-tmpfiles-clean.service: Succeeded.
I 2056 Nor shapes of men nor beasts we ken—
I 2528 The planks looked warped! and see those sails,
E 3 3012 Down the green hill athwart a cedarn cover!
E 27 1414 systemd[1]: var-lib-docker-overlay2-opaque\x2dbug\x2dcheck472578144-merged.mount: Succeeded.
W 2016 The Wedding-Guest sat on a stone:
I 2057 audit[864]: AVC apparmor="STATUS" operation="profile_load" profile="unconfined" name="snap-update-ns.port" pid=864 comm="apparmor_parser"
E 3 2514 kernel: sd 0:0:0:0: Attached scsi generic sg0 type 0
rest—along the roads that lay before them.
I 1551 NetworkManager[889]: <info>  [1664698267.3624] dhcp4 (enp3s0): option requested_broadcast_address => '1'
I 1353 systemd[1684]: dunst.service: Failed with result 'exit-code'.
E 34 1403 dockerd[1340]: time="2022-10-02T10:11:08.444906035+02:00" level=info msg="API listen on /run/docker.sock"
E 41 2539 kernel: usb 3-3: New USB device found, idVendor=0c45, idProduct=652f, bcdDevice= 1.03
so that one could hardly tell which was light and which was sound.
E 15 1841 sshd[1015]: Server listening on 0.0.0.0 port 22.
E 19 1616 rtkit-daemon[1255]: Successfully limited resources.
I 2461 Sweetly, sweetly blew the breeze—
I 1873 thermald[916]: error: could not parse file /etc/thermald/thermal-conf.xml
W 2178 As if through a dungeon-grate he peered
I 2192 systemd[1]: Condition check resulted in File System Check on Root Device being skipped.
W 2051 And it grew wondrous cold:
I 1296 kernel: EXT4-fs (sdb1): mounted filesystem with ordered data mode. Opts: (null)
I 2215 Four times fifty living men,
“So-ho!” the guard sang out, as loud as he could roar. “Yo there! Stand! I shall fire!”
W 1274 dbus-daemon[1703]: [session uid=1000 pid=1703] Successfully activated service 'org.freedesktop.impl.portal.PermissionStore'
W 1734 containerd[992]: time="2022-10-02T10:11:02.826921120+02:00" level=info msg="skip loading plugin \"io.containerd.snapshotter.v1.zfs\"..." error="path /var/lib/containerd/io.containerd.snapshotter.v1.zfs must be a zfs filesystem to be used with
the coach-lamps but these its own workings, and a few yards of road; and the reek of the
E 24 2121 audit[830]: AVC apparmor="STATUS" operation="profile_load" profile="unconfined" name="mysqld_akonadi" pid=830 comm="apparmor_parser"
E 13 1054 CRON[2866]: pam_unix(cron:session): session closed for user root
E 39 2478 The steady weathercock.
E 21 5120 Porphyrion, are to blame for this clerk’s loss of salary. It’s just the shoe pinching—no one can help
W 1725 containerd[992]: time="2022-10-02T10:11:02.829770626+02:00" level=info msg="loading plugin \"io.containerd.service.v1.content-service\"..." type=io.containerd.service.v1
I 2602 kernel: evm: Initialising EVM extended attributes:
I 46 The Queen turned crimson with fury, and, after glaring at her for a moment like a wild beast,
I 1794 systemd[1]: Started Login Service.
E 16 2413 systemd[1]: Listening on RPCbind Server Activation Socket.
I 1150 org.kde.KScreen[2009]:          Primary: false
E 44 2523 'Why, this is strange, I trow!
I 2533 My forest-brook along;
W 1241 dbus-daemon[1703]: [session uid=1000 pid=1703] Successfully activated service 'org.bluez.obex'
I 5028 “Thanks to your hint, he’s clearing out of the Porphyrion.”
E 14 147 croqueting one of them with the other: the only difficulty was, that her flamingo was gone across to
I 5068 “This visit is a high solemnity. My aunt counts on it year after year. She turns the house
I 1602 NetworkManager[889]: <info>  [1664698265.3544] dhcp4 (enp3s0): activation: beginning transaction (timeout in 45 seconds)
W 2630 kernel: drop_monitor: Initializing network drop monitor service
E 4 1974 systemd[1]: Condition check resulted in Wait for the Ubuntu Core chooser trigger being skipped.
W 4060 Old Yew, which graspest at the stones
W 21 Alice looked round, eager to see the Queen.
W 2176 And straight the Sun was flecked with bars,
I 1787 systemd[1]: Started Modem Manager.
I 5000 It did not seem so difficult. She need trouble him with no gift of her own. She would
had ever seen her in it. Barney taught her how to swim. Sometimes she put her bathing-dress on
coachman and guard, however, in combination, had read that article of war which forbade a purpose otherwise strongly
E 27 1526 NetworkManager[889]: <info>  [1664698267.3680] manager: startup complete
E 4 5018 bright in the morning sun. She was with Helen, who had been ominously quiet since the affair was
W 1544 NetworkManager[889]: <info>  [1664698267.3625] dhcp4 (enp3s0): option requested_ms_classless_static_routes => '1'
I 1810 NetworkManager[889]: <info>  [1664698262.4491] manager: Networking is enabled by state file
It was the Dover road that lay, on a Friday night late in November, before the first of
W 77 “What for?” said Alice.
I 2061 Like noises in a swound!
I 2295 systemd[1]: Mounted Mount unit for core18, revision 2560.
E 48 1105 systemd[1243]: dbus.service: Succeeded.
W 1735 the zfs snapshotter: skip plugin" type=io.containerd.snapshotter.v1
I 4089    Embrace her as my natural good;
E 21 1983 systemd[1]: Started Set the CPU Frequency Scaling governor.
W 1792 kernel: Generic FE-GE Realtek PHY r8169-0-300:00: attached PHY driver [Generic FE-GE Realtek PHY] (mii_bus:phy_addr=r8169-0-300:00, irq=IGNORE)
I 3007 And there were gardens bright with sinuous rills,
I 2173 Rested the broad bright Sun;
W 1385 sddm-helper[1665]: [PAM] returning.
happy for Sunday. Valancy had never really liked Sundays before.
W 3022 And mid these dancing rocks at once and ever
E 45 13 round also, and all of them bowed low.
E 28 2092 audit[828]: AVC apparmor="STATUS" operation="profile_load" profile="unconfined" name="libreoffice-soffice//gpg" pid=828 comm="apparmor_parser"
E 42 1671 acpid[881]: 1 client rule loaded
W 1858 systemd-logind[915]: Watching system buttons on /dev/input/event9 (E-Signal USB Gaming Mouse System Control)
I 2400 The harmless Albatross.
W 2600 kernel: evm: security.SMACK64
E 5 2524 kernel: ata1: SATA link up 6.0 Gbps (SStatus 133 SControl 300)
E 20 2105 Into that silent sea.
W 2519 kernel: ata1.00: ATA-8: ST33000651AS, CC45, max UDMA/133
W 2208 Till clomb above the eastern bar
E 98 8016      ▓████████▒▒▒▒▒▒▒▒▒▒▒▒▒▒▒▒▒▒▒▒▒▓████████
E 28 2307 systemd[1]: Mounted FUSE Control File System.
E 28 2339 systemd[1]: Mounting Mount unit for core18, revision 2566...
W 2704 kernel: ehci-pci 0000:00:1a.0: EHCI Host Controller
W 2396 systemd[1]: Starting Set the console keyboard layout...
E 17 2250 kernel: RAPL PMU: API unit is 2^-32 Joules, 3 fixed counters, 655360 ms ovfl timer
I 4050    Or reach a hand thro' time to catch
I 2217 With heavy thump, a lifeless lump,
I 2691 kernel: ehci-pci 0000:00:1d.0: EHCI Host Controller
W 1866 thermald[916]: I/O warning : failed to load external entity "/etc/thermald/thermal-conf.xml"
E 23 2377 From the land of mist and snow,
E 38 2424 And closes from behind.
E 11 1361 systemd[1684]: Listening on D-Bus User Message Bus Socket.
W 2494 3B6Q PQ: 0 ANSI: 5
W 2304 systemd[1]: plymouth-start.service: Succeeded.
W 1646 systemd[1243]: Reached target Timers.
I 4015 Our wills are ours, to make them thine.
W 2503 kernel: ata2.00: 1250261615 sectors, multi 16: LBA48 NCQ (depth 32), AA
I 5009 she reminded herself of it: his obtuseness. He simply did not notice things, and there was no more
E 33 2324 systemd[1]: Mounting Mount unit for insomnia, revision 183...
I 2469 kernel: [drm] [nvidia-drm] [GPU ID 0x00000600] Loading driver
I 2265 And a star or two beside—
E 33 35 severely “Who is this?” She said it to the Knave of Hearts, who only bowed and smiled in
W 2632 kernel: ledtrig-cpu: registered to indicate activity on CPUs
E 43 109 “How are you getting on?” said the Cat, as soon as there was mouth enough for it to
E 22 2032 The bride hath paced into the hall,
I 2098 Then all averred, I had killed the bird
E 45 14 “Would you tell me,” said Alice, a little timidly, “why you are painting those roses?”
I 1315 rtkit-daemon[1255]: Supervising 2 threads of 1 processes of 2 users.
I 1683 systemd[1]: Finished NFS server and services.
W 1364 systemd[1684]: Listening on debconf communication socket.
I 2459 kernel: usb 3-11: New USB device found, idVendor=09e8, idProduct=0026, bcdDevice= 0.00
E 23 4055 To dance with death, to beat the ground,
E 56 8007     ▒███████████████████████████████████████▒
E 1 2133 systemd[1]: Starting Network Name Resolution...
W 1107 systemd[1243]: Stopped target Main User Target.
W 4088 And shall I take a thing so blind,
by armed men, and highway robberies, took place in the capital itself every night; families were publicly cautioned
W 1954 sensors[930]: Core 1:        +38.0°C  (high = +80.0°C, crit = +100.0°C)
I 2203 systemd[1]: plymouth-start.service: Succeeded.
I 2055 audit[866]: AVC apparmor="STATUS" operation="profile_load" profile="unconfined" name="snap.chromium.chromedriver" pid=866 comm="apparmor_parser"
E 29 2425 kernel: EXT4-fs (sdc5): mounted filesystem with ordered data mode. Opts: (null)
I 1501 dockerd[1340]: time="2022-10-02T10:11:07.642078845+02:00" level=info msg="scheme \"unix\" not registered, fallback to default scheme" module=grpc
I 2188 Is DEATH that woman's mate?
E 10 2392 How long in that same fit I lay,
E 16 2191 systemd[1]: Condition check resulted in Rebuild Hardware Database being skipped.
I 1433 containerd[992]: time="2022-10-02T10:11:08.091763318+02:00" level=info msg="loading plugin \"io.containerd.ttrpc.v1.task\"..." runtime=io.containerd.runc.v2 type=io.containerd.ttrpc.v1
E 39 2039 The bright-eyed Mariner.
I 2043 And chased us south along.
I 1492 dockerd[1340]: time="2022-10-02T10:11:07.811686559+02:00" level=warning msg="Your kernel does not support cgroup blkio weight_device"
W 5010 to be said. He never noticed that Helen and Frieda were hostile, or that Tibby was not interested
E 49 2104 We were the first that ever burst
I 2536 kernel: usb 3-3: Manufacturer: SONiX
I 2078 audit[858]: AVC apparmor="STATUS" operation="profile_load" profile="unconfined" name="/snap/snapd/17029/usr/lib/snapd/snap-confine" pid=858 comm="apparmor_parser"
I 2060 It cracked and growled, and roared and howled,
W 2362 kernel: parport0: PC-style at 0x378, irq 5 [PCSPP]
W 1014 CRON[5228]: (root) CMD (command -v debian-sa1 > /dev/null && debian-sa1 1 1)
I 2400 systemd[1]: Mounting Kernel Debug File System...
At least, that was the way Valancy felt about them. Down the next hollow—over the next hill—you would
I 2111 kernel: audit: type=1400 audit(1664698262.008:8): apparmor="STATUS" operation="profile_load" profile="unconfined" name="lsb_release" pid=834 comm="apparmor_parser"
was! How understanding! How jolly! How—how Barney—like! That summed it all up.
I 2217 systemd-udevd[424]: video4linux: Process '/usr/lib/snapd/snap-device-helper add snap_chromium_chromedriver /class/video4linux 0:0' failed with exit code 1.
I 2242 And there the dead men lay.
W 139 said, without even looking round.
E 15 2125 systemd[1]: Reached target RPC Port Mapper.
W 2477 The moonlight steeped in silentness
E 12 2705 kernel: ehci-pci: EHCI PCI platform driver
W 1159 org.kde.KScreen[2009]: kscreen.xcb.helper:         Rotation:  "Rotate_0"
Hill, as he stood on his own particular perch behind the mail, beating his feet, and keeping an
I 2309 It did not come anear;
I 5104 “I am grieved for your clerk. But it is all in the day’s work. It’s part of the
W 2196 systemd[1]: Mounted Mount unit for snapd, revision 17029.
I 133 he spoke.
E 62 8031     ▒▒▒▒▒▒▒▒▒▒▒▒▒▒▒▒▒▒▒▒▒▒▒▒▒▓▒▒▒▒▓
W 2505 Dear Lord in Heaven! it was a joy
W 1144 org.kde.KScreen[2009]:          MODE: 447
I 2715 kernel: thermal LNXTHERM:01: registered as thermal_zone1
I 2356 blkmapd[372]: open pipe file /run/rpc_pipefs/nfs/blocklayout failed: No such file or directory
I 1502 dockerd[1340]: time="2022-10-02T10:11:07.642064643+02:00" level=info msg="parsed scheme: \"unix\"" module=grpc
W 1814 NetworkManager[889]: <info>  [1664698262.4466] Loaded device plugin: NMWifiFactory (/usr/lib/x86_64-linux-gnu/NetworkManager/1.22.10/libnm-device-plugin-wifi.so)
W 1703 containerd[992]: time="2022-10-02T10:11:02.831454967+02:00" level=info msg="loading plugin \"io.containerd.grpc.v1.tasks\"..." type=io.containerd.grpc.v1
E 47 1218 org.kde.KScreen[2009]:          Rotation: 1
I 1201 org.kde.KScreen[2009]: kscreen.xrandr: XRandROutput 480 update
W 1021 CRON[5038]: (root) CMD ([ -x /etc/init.d/anacron ] && if [ ! -d /run/systemd/system ]; then /usr/sbin/invoke-rc.d anacron start
burned like ribbons of flame.
W 2610 kernel: Key type big_key registered
E 40 1338 rtkit-daemon[1255]: Supervising 7 threads of 2 processes of 2 users.
E 43 1591 sddm-greeter[1251]: using qt5ct plugin
I 1865 thermald[916]: error: could not parse file /etc/thermald/thermal-conf.xml
E 35 2547 It reached the ship, it split the bay;
E 9 2452 kernel: usb 3-13: New USB device strings: Mfr=1, Product=2, SerialNumber=0
I 1067 systemd[1]: systemd-hostnamed.service: Succeeded.
E 33 2592 But in the garden-bower the bride
I 1875 systemd[1]: Starting Terminate Plymouth Boot Screen...
E 34 1968 systemd[1]: Starting Thermal Daemon Service...
W 2716 kernel: ACPI: Thermal Zone [TZ00] (28 C)
off, his tongue torn out with pincers, and his body burned alive, because he had not kneeled down
W 135 remember where.”
W 96 off to other parts of the ground, Alice soon came to the conclusion that it was a very
W 2192 The Night-mare LIFE-IN-DEATH was she,
E 37 2466 Is this mine own countree?
E 16 2618 kernel: Loaded X.509 cert 'Build time autogenerated kernel key: 9b58d12235b5231c132266f4ab6f5483081fcfad'
E 24 90 got its neck nicely straightened out, and was going to give the hedgehog a blow with its head,
I 2334 systemd[1]: Mounting Mount unit for gnome-3-28-1804, revision 161...
I 5128 “I didn’t say—”
I 1302 dbus-daemon[888]: [system] Activating via systemd: service name='org.freedesktop.PackageKit' unit='packagekit.service' requested by ':1.55' (uid=1000 pid=1920 comm="/usr/lib/x86_64-linux-gnu/libexec/DiscoverNotifier" label="unconfined")
E 5 2011 Eftsoons his hand dropt he.
“Ten minutes, good, past eleven.”
W 2580 kernel: r8169 0000:03:00.0: can't disable ASPM; OS doesn't have ASPM control
E 41 1027 CRON[4740]: pam_unix(cron:session): session closed for user root
W 81 Rabbit whispered in a frightened tone. “The Queen will hear you! You see, she came rather late, and
E 25 2535 And the owlet whoops to the wolf below,
E 3 1764 networkd-dispatcher[900]: ERROR:Unknown state for interface NetworkctlListState(idx=1, name='lo', type='loopback', operational='n/a', administrative='unmanaged'): n/a
E 30 1494 dockerd[1340]: time="2022-10-02T10:11:07.811677691+02:00" level=warning msg="Your kernel does not support CPU realtime scheduler"
E 22 1137 org.kde.KScreen[2009]:          CRTC: 441
W 2670 kernel: xhci_hcd 0000:00:14.0: cache line size of 64 is not supported
I 2478 kernel: ata4.00: Enabling discard_zeroes_data
E 26 2000 systemd[1]: Starting LSB: automatic crash report generation...
E 39 1256 ntfs-3g[2058]: Global ownership and permissions enforced, configuration type 7
I 1645 systemd[1243]: Starting D-Bus User Message Bus Socket.
W 1455 NetworkManager[889]: <info>  [1664698267.9623] device (docker0): state change: secondaries -> activated (reason 'none', sys-iface-state: 'external')
W 2035 systemd[1]: Started Daily apt upgrade and clean activities.
W 2695 kernel: usb usb1: Manufacturer: Linux 5.4.0-113-generic ehci_hcd
E 24 1317 org.kde.kglobalaccel[1807]: qt5ct: using qt5ct plugin
E 46 2085 Went down into the sea.
W 2274 mtp-probe[494]: checking bus 3, device 6: "/sys/devices/pci0000:00/0000:00:14.0/usb3/3-14"
I 2388 Then like a pawing horse let go,
E 18 2464 kernel: usb 3-9: Manufacturer: E-Signal
E 45 2536 That eats the she-wolf's young.'
I 2141 systemd[1]: Received SIGRTMIN+20 from PID 266 (plymouthd).
E 30 2381 kernel: RPC: Registered tcp transport module.
W 2564 Who now doth crazy go,
I 1744 kernel: aufs 5.4.3-20200302
I 2343 But he said nought to me.
W 1939 rsyslogd[907]: rsyslogd's groupid changed to 110
I 1896 avahi-daemon[885]: Network interface enumeration completed.
E 19 2047 And forward bends his head,
of an unwholesome sea might do. It was dense enough to shut out everything from the light of
W 1354 systemd[1684]: dunst.service: Main process exited, code=exited, status=1/FAILURE
W 1142 org.kde.KScreen[2009]:          Primary: true
E 38 1134 org.kde.KScreen[2009]:          Primary: false
E 29 1850 haveged[846]: haveged: cpu: (L4 VC); data: 32K (L4 V); inst: 32K (L4 V); idx: 24/40; sz: 31410/52825
“What o’clock do you make it, Joe?”
E 7 2013 systemd[1]: Reached target Sockets.
W 2407 systemd[1]: Listening on Journal Socket.
E 35 2472 kernel: sd 0:0:0:0: [sda] Attached SCSI disk
I 2165 systemd[1]: Started File System Check Daemon to report status.
I 2576 kernel: ACPI Warning: SystemIO range 0x0000000000001C40-0x0000000000001C4F conflicts with OpRegion 0x0000000000001C00-0x0000000000001FFF (\GPR) (20190816/utaddress-204)
W 2480 Till rising from the same,
musketeers, and the musketeers fired on the mob, and nobody thought any of these occurrences much out of
E 19 5021 “Here we are. Good-morning, Helen.”
It was the best of times, it was the worst of times, it was the age of wisdom,
W 73 “Very,” said Alice: “—where’s the Duchess?”
E 39 2677 kernel: ohci_hcd: USB 1.1 'Open' Host Controller (OHCI) Driver
E 49 2354 systemd[1]: Started Journal Service.
W 1832 systemd[1]: Reached target Host and Network Name Lookups.
E 41 5161 going once more up Nine Barrows Down?”
E 6 2117 kernel: audit: type=1400 audit(1664698262.004:5): apparmor="STATUS" operation="profile_load" profile="unconfined" name="mysqld_akonadi" pid=830 comm="apparmor_parser"
W 1446 systemd-udevd[457]: Using default interface naming scheme 'v245'.
I 2278 Blue, glossy green, and velvet black,
W 2060 systemd-resolved[825]: Positive Trust Anchors:
I 2086 And the good south wind still blew behind,
E 7 1759 networkd-dispatcher[900]:     raise UnknownState(operational_state)
W 2555 kernel: AVX2 version of gcm_enc/dec engaged.
W 2146 When looking westward, I beheld
E 89 8029     ▒▒▒▒▒▒▒▒▒▒▒▒▒▒▒▒▒▒▒▒▒▓▒▒▒▓▒▒▒▒▓
I 2543 kernel: ata6: DUMMY
E 49 2423 +ACL +XZ +LZ4 +SECCOMP +BLKID +ELFUTILS +KMOD +IDN2 -IDN +PCRE2 default-hierarchy=hybrid)
I 1244 systemd[1684]: Started Portal service.
I 1569 sddm-greeter[1251]: QObject::installEventFilter(): Cannot filter events for objects in a different thread.
I 2481 kernel:  sdb: sdb1
W 2518 He kneels at morn, and noon, and eve—
E 59 8033     ▒▒▒▒▒▒▒▒▒▒▒▒▒▒▒▒▒▒▒▒▒▒▒▒▒▒▒▒▒▓▒▒
I 1013 CRON[5226]: pam_unix(cron:session): session closed for user root
W 1649 systemd[1]: Starting User Manager for UID 121...
E 93 8028     ▒▒▒▒▒▒▒▒▒▒▒▒▓▒▒▒▒▒▒▒▓▓▒▒▓▒▒▒▒▒▒
E 9 2227 systemd[1]: Starting Show Plymouth Boot Screen...
I 2532 Brown skeletons of leaves that lag
E 14 5099 keep the public informed stage by stage. The Porphyrion, according to you, was bound to say, ‘I am
I 1953 sensors[930]: Core 2:        +39.0°C  (high = +80.0°C, crit = +100.0°C)
W 1905 avahi-daemon[885]: No service file found in /etc/avahi/services.
me, is Jerry.”)
W 2434 For a charnel-dungeon fitter:
I 2033 Red as a rose is she;
W 2006 systemd[1]: Condition check resulted in Manage Sound Card State (restore and store) being skipped.
I 2636 kernel: platform eisa.0: Cannot allocate resource for EISA slot 7
E 8 1853 systemd[1]: plymouth-quit.service: Succeeded.
I 1601 dbus-daemon[1254]: [session uid=121 pid=1254] AppArmor D-Bus mediation is enabled
W 48 “Nonsense!” said Alice, very loudly and decidedly, and the Queen was silent.
W 1412 dockerd[1340]: time="2022-10-02T10:11:08.414050187+02:00" level=info msg="Docker daemon" commit=f756502 graphdriver(s)=overlay2 version=20.10.16
I 1032 CRON[4514]: pam_unix(cron:session): session closed for user root
I 110 speak with.
I 5037 subletting is a mistake. If he can find me another tenant, whom I consider suitable, I may cancel
W 1592 rtkit-daemon[1255]: Supervising 1 threads of 1 processes of 1 users.
W 1807 systemd[1]: Starting Network Manager Script Dispatcher Service...
E 7 2218 systemd[1]: Condition check resulted in Dispatch Password Requests to Console Directory Watch being skipped.
W 2702 kernel: ehci-pci 0000:00:1a.0: debug port 2
W 5073 “Henry, I won’t go. Don’t bully me.”
I 2281 systemd-udevd[455]: Using default interface naming scheme 'v245'.
E 23 2300 My lips were wet, my throat was cold,
W 33 so that they couldn’t see it?” So she stood still where she was, and waited.
E 46 1111 rtkit-daemon[1255]: Supervising 5 threads of 1 processes of 2 users.
W 2351 systemd-journald[357]: System Journal (/var/log/journal/347ca621c06d46c5b4e7fd1b9637b968) is 976.2M, max 4.0G, 3.0G free.
W 1556 sddm-greeter[1251]: Loading file:///usr/share/sddm/themes/ubuntu-theme/Main.qml...
W 1053 anacron[883]: Job `cron.daily' started
W 2079 audit[856]: AVC apparmor="STATUS" operation="profile_load" profile="unconfined" name="/snap/core/13886/usr/lib/snapd/snap-confine//mount-namespace-capture-helper" pid=856 comm="apparmor_parser"
I 2711 kernel: Linux agpgart interface v0.103
E 3 2491 kernel: sd 1:0:0:0: [sdb] Write Protect is off
W 1590 rtkit-daemon[1255]: Successfully made thread 1259 of process 1250 owned by '121' RT at priority 5.
E 11 1336 rtkit-daemon[1255]: Supervising 8 threads of 2 processes of 2 users.
E 18 2341 systemd[1]: Mounting Mount unit for core, revision 13886...
E 27 2596 O Wedding-Guest! this soul hath been
I 1839 systemd[1]: Started OpenBSD Secure Shell server.
W 1163 org.kde.KScreen[2009]: kscreen.xcb.helper: RRNotify_OutputChange
W 2251 kernel: input: Eee PC WMI hotkeys as /devices/platform/eeepc-wmi/input/input13
could have said, from anything he saw, what either of the other two was like; and each was
head and everything upon it—like an unusually emphatic horse, denying that the coach could be got up the
W 2578 native driver
E 39 1443 kernel: br-17f607787fe3: port 1(vethcea84cd) entered disabled state
W 2306 systemd[1]: Mounted Kernel Configuration File System.
W 2068 The ice did split with a thunder-fit;
E 15 1247 dbus-daemon[1703]: [session uid=1000 pid=1703] Successfully activated service 'org.freedesktop.secrets'
I 2394 But ere my living life returned,
W 1623 sddm-greeter[1251]: High-DPI autoscaling not Enabled
I 2672 kernel: xhci_hcd 0000:00:14.0: new USB bus registered, assigned bus number 3
W 2520 It is the moss that wholly hides
I 4001    Whom we, that have not seen thy face,
W 2221 And every soul, it passed me by,
I 2455 It raised my hair, it fanned my cheek
W 2070 kernel: audit: type=1400 audit(1664698262.064:31): apparmor="STATUS" operation="profile_load" profile="unconfined" name="/snap/snapd/16778/usr/lib/snapd/snap-confine" pid=857 comm="apparmor_parser"
I 2508 It is the Hermit good!
E 46 2594 And hark the little vesper bell,
I 2021 Merrily did we drop
W 150 By the time she had caught the flamingo and brought it back, the fight was over, and both
W 1432 containerd[992]: time="2022-10-02T10:11:08.091912910+02:00" level=info msg="starting signal loop" namespace=moby path=/run/containerd/io.containerd.runtime.v2.task/moby/6874d03ca75bb7b7a98a1617a84fe31f5f750fe2c57569edf7675a561756cf52 pid=1546 runtime=io.containerd.runc.v2
W 4036 Forgive my grief for one removed,
far like the present period, that some of its noisiest authorities insisted on its being received, for good
E 13 5040 side of the house. Beneath them was the bourgeois little bay, which must have yearned all through the
I 1128 org.kde.KScreen[2009]:          MODE: 447
E 43 1220 @ 59.9966 )
she had ever been lonely and unhappy and afraid.
E 23 1910 avahi-daemon[885]: Successfully called chroot().
I 2631 kernel: EFI Variables Facility v0.08 2004-May-17
E 95 8021          ▓▒▒▒▒▓████████████████████▒
I 2017 systemd[1]: Starting Socket activation for snappy daemon.
E 8 1906 systemd[1]: Reached target Network.
W 2009 'There was a ship,' quoth he.
“Well! And hallo you!” said Jerry, more hoarsely than before.
W 2069 The helmsman steered us through!
E 42 2605 kernel: ima: No TPM chip found, activating TPM-bypass!
round dozen of years, after rapping out its messages, as the spirits of this very year last past
With drooping heads and tremulous tails, they mashed their way through the thick mud, floundering and stumbling between
W 2276 mtp-probe[484]: bus: 3, device: 3 was not an MTP device
W 1200 org.kde.KScreen[2009]:          m_connected: 0
“Tst! Joe!” cried the coachman in a warning voice, looking down from his box.
E 14 2589 To him my tale I teach.
I 1485 kernel: Initializing XFRM netlink socket
E 43 2059 The ice was all around:
E 32 2044 With sloping masts and dipping prow,
I 1405 systemd[1]: Finished Update UTMP about System Runlevel Changes.
E 34 165 The Queen’s argument was, that if something wasn’t done about it in less than no time she’d have
E 36 2175 systemd[1]: Mounted Mount unit for signal-desktop, revision 397.
E 27 4048 But who shall so forecast the years
W 1104 systemd[1243]: Stopped D-Bus User Message Bus.
W 2140 Instead of the cross, the Albatross
W 1460 NetworkManager[889]: <info>  [1664698267.9592] device (docker0): state change: disconnected -> prepare (reason 'none', sys-iface-state: 'external')
W 2583 And till my ghastly tale is told,
I 4075 And grow incorporate into thee.
W 1779 sddm[1061]: Adding new display on vt 1 ...
E 33 5114 He raised his finger. “Now, a word of advice.”
W 2614 All things both great and small;
W 2323 systemd[1]: Mounting Mount unit for port, revision 74...
E 7 1926 systemd-logind[915]: Watching system buttons on /dev/input/event1 (Power Button)
W 1717 containerd[992]: time="2022-10-02T10:11:02.829921963+02:00" level=info msg="loading plugin \"io.containerd.monitor.v1.cgroups\"..." type=io.containerd.monitor.v1
E 91 8000 x